All packages are correctly installed.
Operating on the shared (system-wide) MiKTeX setup
downloading ftp://ftp.fau.de/ctan/systems/win32/miktex/tm/packages/miktex-zzdb2-2.9.tar.lzma...
992676 bytes, 44002.10 KB/Sec
updating package definition directory (/usr/local/share/miktex-texmf/tpm/packages)...
installed 3486 package definition files
visiting repository ftp://ftp.fau.de/ctan/systems/win32/miktex/tm/packages/...
repository type: remote package repository
loading lightweight database...
downloading ftp://ftp.fau.de/ctan/systems/win32/miktex/tm/packages/miktex-zzdb1-2.9.tar.lzma...
175021 bytes, 43402.47 KB/Sec
lightweight database digest: 4dc21a0b163dd5a4ce95d1c360b5e32d
starting package maintenance...
installation directory: /usr/local/share/miktex-texmf
package repository: ftp://ftp.fau.de/ctan/systems/win32/miktex/tm/packages/
lightweight database digest: 4dc21a0b163dd5a4ce95d1c360b5e32d
going to download 21854 bytes
going to install 28 file(s) (1 package(s))
downloading ftp://ftp.fau.de/ctan/systems/win32/miktex/tm/packages/miktex-misc.tar.lzma...
21854 bytes, 18398.10 KB/Sec
extracting files from miktex-misc.tar.lzma...
Package "miktex-misc" has been successfully updated.
Operating on the shared (system-wide) MiKTeX setup

Sorry, but "MiKTeX Package Manager" did not succeed.

The log file hopefully contains the information to get MiKTeX going again:

  /var/log/miktex/mpmcli_admin.log

You may want to visit the MiKTeX project page, if you need help.
2017-11-22 11:55:56,793Z INFO  mpmcli - starting: mpmcli 2.9.6405 (MiKTeX 2.9.6530)
2017-11-22 11:55:56,793Z INFO  mpmcli - Operating on the shared (system-wide) MiKTeX setup
2017-11-22 11:55:57,596Z INFO  mpmcli - starting package maintenance...
2017-11-22 11:55:57,596Z INFO  mpmcli - installation directory: /usr/local/share/miktex-texmf
2017-11-22 11:55:57,596Z INFO  mpmcli - package repository: ftp://ctan.math.utah.edu/tex-archive/systems/win32/miktex/tm/packages/
2017-11-22 11:55:57,596Z INFO  mpmcli - visiting repository ftp://ctan.math.utah.edu/tex-archive/systems/win32/miktex/tm/packages/...
2017-11-22 11:55:57,596Z INFO  mpmcli - repository type: remote package repository
2017-11-22 11:55:57,596Z INFO  mpmcli - loading lightweight database...
2017-11-22 11:55:57,718Z INFO  mpmcli - downloading ftp://ctan.math.utah.edu/tex-archive/systems/win32/miktex/tm/packages/miktex-zzdb1-2.9.tar.lzma...
2017-11-22 11:55:59,711Z INFO  mpmcli - 172151 bytes, 41144.45 KB/Sec
2017-11-22 11:56:00,055Z INFO  mpmcli - lightweight database digest: eed3c71195c421050667a03ecbe45365
2017-11-22 11:56:00,055Z INFO  mpmcli - going to download 4896571 bytes
2017-11-22 11:56:00,055Z INFO  mpmcli - going to install 619 file(s) (1 package(s))
2017-11-22 11:56:00,055Z INFO  mpmcli - downloading ftp://ctan.math.utah.edu/tex-archive/systems/win32/miktex/tm/packages/amsfonts.tar.lzma...
2017-11-22 11:56:05,854Z INFO  mpmcli - 4896571 bytes, 5508.68 KB/Sec
2017-11-22 11:56:05,875Z INFO  mpmcli - extracting files from amsfonts.tar.lzma...
2017-11-22 11:56:15,742Z INFO  mpmcli - Package "amsfonts" has been successfully installed.
2018-02-25 07:53:42,101Z INFO  mpmcli - starting: mpmcli 2.9.6405 (MiKTeX 2.9.6530)
2018-02-25 07:53:42,101Z INFO  mpmcli - Operating on the shared (system-wide) MiKTeX setup
2018-02-25 07:53:42,430Z INFO  mpmcli - All packages are correctly installed.
2018-02-25 07:53:42,501Z INFO  mpmcli - starting: mpmcli 2.9.6405 (MiKTeX 2.9.6530)
2018-02-25 07:53:42,501Z INFO  mpmcli - Operating on the shared (system-wide) MiKTeX setup
2018-02-25 07:53:42,781Z INFO  mpmcli - downloading ftp://ftp.fau.de/ctan/systems/win32/miktex/tm/packages/miktex-zzdb2-2.9.tar.lzma...
2018-02-25 07:53:43,643Z INFO  mpmcli - 992676 bytes, 44002.10 KB/Sec
2018-02-25 07:53:43,750Z INFO  mpmcli - updating package definition directory (/usr/local/share/miktex-texmf/tpm/packages)...
2018-02-25 07:53:44,226Z INFO  mpmcli - installed 3486 package definition files
2018-02-25 07:53:44,226Z INFO  mpmcli - visiting repository ftp://ftp.fau.de/ctan/systems/win32/miktex/tm/packages/...
2018-02-25 07:53:44,226Z INFO  mpmcli - repository type: remote package repository
2018-02-25 07:53:44,226Z INFO  mpmcli - loading lightweight database...
2018-02-25 07:53:44,226Z INFO  mpmcli - downloading ftp://ftp.fau.de/ctan/systems/win32/miktex/tm/packages/miktex-zzdb1-2.9.tar.lzma...
2018-02-25 07:53:44,458Z INFO  mpmcli - 175021 bytes, 43402.47 KB/Sec
2018-02-25 07:53:45,380Z INFO  mpmcli - lightweight database digest: 4dc21a0b163dd5a4ce95d1c360b5e32d
2018-02-25 07:53:45,641Z INFO  mpmcli - starting package maintenance...
2018-02-25 07:53:45,641Z INFO  mpmcli - installation directory: /usr/local/share/miktex-texmf
2018-02-25 07:53:45,641Z INFO  mpmcli - package repository: ftp://ftp.fau.de/ctan/systems/win32/miktex/tm/packages/
2018-02-25 07:53:45,680Z INFO  mpmcli - lightweight database digest: 4dc21a0b163dd5a4ce95d1c360b5e32d
2018-02-25 07:53:45,680Z INFO  mpmcli - going to download 21854 bytes
2018-02-25 07:53:45,680Z INFO  mpmcli - going to install 28 file(s) (1 package(s))
2018-02-25 07:53:45,680Z INFO  mpmcli - downloading ftp://ftp.fau.de/ctan/systems/win32/miktex/tm/packages/miktex-misc.tar.lzma...
2018-02-25 07:53:45,842Z INFO  mpmcli - 21854 bytes, 18398.10 KB/Sec
2018-02-25 07:53:45,843Z INFO  mpmcli - extracting files from miktex-misc.tar.lzma...
2018-02-25 07:53:46,217Z INFO  mpmcli - Package "miktex-misc" has been successfully updated.
2018-02-25 07:53:46,327Z INFO  mpmcli - starting: mpmcli 2.9.6405 (MiKTeX 2.9.6530)
2018-02-25 07:53:46,327Z INFO  mpmcli - Operating on the shared (system-wide) MiKTeX setup
2018-02-25 07:53:46,338Z FATAL mpmcli - MiKTeX encountered an internal error.
2018-02-25 07:53:46,339Z FATAL mpmcli - Info: 
2018-02-25 07:53:46,339Z FATAL mpmcli - Source: Libraries/MiKTeX/PackageManager/PackageManager.cpp
2018-02-25 07:53:46,339Z FATAL mpmcli - Line: 656
